<?xml version="1.0" encoding="UTF-8"?>
<!-- Generated by org.testng.reporters.JUnitXMLReporter -->
<testsuite ignored="0" hostname="DESKTOP-PLICNIS" failures="0" tests="7" name="Default test" time="9.463" errors="0" timestamp="2024-09-05T08:07:47 EET">
  <testcase classname="homePage.MyTestCases" name="defaultLanguageEnglishTest" time="0.041"/>
  <testcase classname="homePage.MyTestCases" name="defaultCurrencyTest" time="0.026"/>
  <testcase classname="homePage.MyTestCases" name="contactNumberTest" time="0.022"/>
  <testcase classname="homePage.MyTestCases" name="qitafLogoTest" time="0.025"/>
  <testcase classname="homePage.MyTestCases" name="hotelSearchIsNotSelected" time="0.023"/>
  <testcase classname="homePage.MyTestCases" name="flightDepartureDate" time="0.021"/>
  <testcase classname="homePage.MyTestCases" name="flightReturnDate" time="0.023"/>
</testsuite> <!-- Default test -->
