<?xml version="1.0" encoding="UTF-8"?>
<!-- Generated by org.testng.reporters.JUnitXMLReporter -->
<testsuite ignored="0" hostname="DESKTOP-PLICNIS" failures="0" tests="12" name="Default test" time="28.434" errors="0" timestamp="2024-09-07T11:12:29 EET">
  <testcase classname="homePage.MyTestCases" name="defaultLanguageEnglishTest" time="0.037"/>
  <testcase classname="homePage.MyTestCases" name="defaultCurrencyTest" time="0.035"/>
  <testcase classname="homePage.MyTestCases" name="contactNumberTest" time="0.027"/>
  <testcase classname="homePage.MyTestCases" name="qitafLogoTest" time="0.032"/>
  <testcase classname="homePage.MyTestCases" name="hotelSearchIsNotSelected" time="0.033"/>
  <testcase classname="homePage.MyTestCases" name="flightDepartureDate" time="0.023"/>
  <testcase classname="homePage.MyTestCases" name="flightReturnDate" time="0.026"/>
  <testcase classname="homePage.MyTestCases" name="pageLanguageTest" time="2.03"/>
  <testcase classname="homePage.MyTestCases" name="hotelsBtnAndSearch" time="0.601"/>
  <testcase classname="homePage.MyTestCases" name="selectNumberOfVisitors" time="5.073"/>
  <testcase classname="homePage.MyTestCases" name="pageLoadedSuccessfully" time="14.035"/>
  <testcase classname="homePage.MyTestCases" name="lowestPriceSortingTest" time="0.999"/>
</testsuite> <!-- Default test -->
