<?xml version="1.0" encoding="UTF-8"?>
<testng-results ignored="0" total="12" passed="12" failed="0" skipped="0">
  <reporter-output>
  </reporter-output>
  <suite started-at="2024-09-07T11:12:00 EET" name="Default suite" finished-at="2024-09-07T11:12:29 EET" duration-ms="28434">
    <groups>
    </groups>
    <test started-at="2024-09-07T11:12:00 EET" name="Default test" finished-at="2024-09-07T11:12:29 EET" duration-ms="28434">
      <class name="homePage.MyTestCases">
        <test-method is-config="true" signature="mySetUp()[pri:0, instance:homePage.MyTestCases@3a6f2de3]" started-at="2024-09-07T11:12:00 EET" name="mySetUp" finished-at="2024-09-07T11:12:06 EET" duration-ms="5432" status="PASS">
          <reporter-output>
          </reporter-output>
        </test-method> <!-- mySetUp -->
        <test-method signature="defaultLanguageEnglishTest()[pri:1, instance:homePage.MyTestCases@3a6f2de3]" started-at="2024-09-07T11:12:06 EET" name="defaultLanguageEnglishTest" finished-at="2024-09-07T11:12:06 EET" duration-ms="37" status="PASS">
          <reporter-output>
          </reporter-output>
        </test-method> <!-- defaultLanguageEnglishTest -->
        <test-method signature="defaultCurrencyTest()[pri:2, instance:homePage.MyTestCases@3a6f2de3]" started-at="2024-09-07T11:12:06 EET" name="defaultCurrencyTest" finished-at="2024-09-07T11:12:06 EET" duration-ms="35" status="PASS">
          <reporter-output>
          </reporter-output>
        </test-method> <!-- defaultCurrencyTest -->
        <test-method signature="contactNumberTest()[pri:3, instance:homePage.MyTestCases@3a6f2de3]" started-at="2024-09-07T11:12:06 EET" name="contactNumberTest" finished-at="2024-09-07T11:12:06 EET" duration-ms="27" status="PASS">
          <reporter-output>
          </reporter-output>
        </test-method> <!-- contactNumberTest -->
        <test-method signature="qitafLogoTest()[pri:4, instance:homePage.MyTestCases@3a6f2de3]" started-at="2024-09-07T11:12:06 EET" name="qitafLogoTest" finished-at="2024-09-07T11:12:06 EET" duration-ms="32" status="PASS">
          <reporter-output>
          </reporter-output>
        </test-method> <!-- qitafLogoTest -->
        <test-method signature="hotelSearchIsNotSelected()[pri:5, instance:homePage.MyTestCases@3a6f2de3]" started-at="2024-09-07T11:12:06 EET" name="hotelSearchIsNotSelected" finished-at="2024-09-07T11:12:06 EET" duration-ms="33" status="PASS">
          <reporter-output>
          </reporter-output>
        </test-method> <!-- hotelSearchIsNotSelected -->
        <test-method signature="flightDepartureDate()[pri:6, instance:homePage.MyTestCases@3a6f2de3]" started-at="2024-09-07T11:12:06 EET" name="flightDepartureDate" finished-at="2024-09-07T11:12:06 EET" duration-ms="23" status="PASS">
          <reporter-output>
          </reporter-output>
        </test-method> <!-- flightDepartureDate -->
        <test-method signature="flightReturnDate()[pri:7, instance:homePage.MyTestCases@3a6f2de3]" started-at="2024-09-07T11:12:06 EET" name="flightReturnDate" finished-at="2024-09-07T11:12:06 EET" duration-ms="26" status="PASS">
          <reporter-output>
          </reporter-output>
        </test-method> <!-- flightReturnDate -->
        <test-method signature="pageLanguageTest()[pri:8, instance:homePage.MyTestCases@3a6f2de3]" started-at="2024-09-07T11:12:06 EET" name="pageLanguageTest" finished-at="2024-09-07T11:12:08 EET" duration-ms="2030" status="PASS">
          <reporter-output>
          </reporter-output>
        </test-method> <!-- pageLanguageTest -->
        <test-method signature="hotelsBtnAndSearch()[pri:9, instance:homePage.MyTestCases@3a6f2de3]" started-at="2024-09-07T11:12:08 EET" name="hotelsBtnAndSearch" finished-at="2024-09-07T11:12:09 EET" duration-ms="601" status="PASS">
          <reporter-output>
          </reporter-output>
        </test-method> <!-- hotelsBtnAndSearch -->
        <test-method signature="selectNumberOfVisitors()[pri:10, instance:homePage.MyTestCases@3a6f2de3]" started-at="2024-09-07T11:12:09 EET" name="selectNumberOfVisitors" finished-at="2024-09-07T11:12:14 EET" duration-ms="5073" status="PASS">
          <reporter-output>
          </reporter-output>
        </test-method> <!-- selectNumberOfVisitors -->
        <test-method signature="pageLoadedSuccessfully()[pri:11, instance:homePage.MyTestCases@3a6f2de3]" started-at="2024-09-07T11:12:14 EET" name="pageLoadedSuccessfully" finished-at="2024-09-07T11:12:28 EET" duration-ms="14035" status="PASS">
          <reporter-output>
          </reporter-output>
        </test-method> <!-- pageLoadedSuccessfully -->
        <test-method signature="lowestPriceSortingTest()[pri:12, instance:homePage.MyTestCases@3a6f2de3]" started-at="2024-09-07T11:12:28 EET" name="lowestPriceSortingTest" finished-at="2024-09-07T11:12:29 EET" duration-ms="999" status="PASS">
          <reporter-output>
          </reporter-output>
        </test-method> <!-- lowestPriceSortingTest -->
      </class> <!-- homePage.MyTestCases -->
    </test> <!-- Default test -->
  </suite> <!-- Default suite -->
</testng-results>
